<?xml version="1.0" encoding="UTF-8"?>
<testsuite xmlns:xsi="http://www.w3.org/2001/XMLSchema-instance" xsi:schemaLocation="https://maven.apache.org/surefire/maven-surefire-plugin/xsd/surefire-test-report.xsd" name="main.java.by.bntu.poisit.service.impl.ProductServiceImplTest" time="0.094" tests="9" errors="9" skipped="0" failures="0">
  <properties>
[...]
</properties>
  <testcase name="testCallSelectIdFromNotExistNameOfCategoryThenNotFindIdCategory" classname="main.java.by.bntu.poisit.service.impl.ProductServiceImplTest" time="0.037">
    <error type="java.lang.NullPointerException">java.lang.NullPointerException
	at main.java.by.bntu.poisit.service.impl.ProductServiceImplTest.testCallSelectIdFromNotExistNameOfCategoryThenNotFindIdCategory(ProductServiceImplTest.java:72)
</error>
  </testcase>
  <testcase name="testCallListAllCategoriesThenListOfCategoriesIsNotNull" classname="main.java.by.bntu.poisit.service.impl.ProductServiceImplTest" time="0.001">
    <error type="java.lang.NullPointerException">java.lang.NullPointerException
	at main.java.by.bntu.poisit.service.impl.ProductServiceImplTest.testCallListAllCategoriesThenListOfCategoriesIsNotNull(ProductServiceImplTest.java:110)
</error>
  </testcase>
  <testcase name="testCallListAllProducersThenListOfProducersIsNotNull" classname="main.java.by.bntu.poisit.service.impl.ProductServiceImplTest" time="0.001">
    <error type="java.lang.NullPointerException">java.lang.NullPointerException
	at main.java.by.bntu.poisit.service.impl.ProductServiceImplTest.testCallListAllProducersThenListOfProducersIsNotNull(ProductServiceImplTest.java:117)
</error>
  </testcase>
  <testcase name="testCallListAllProductsThenResultIsNull" classname="main.java.by.bntu.poisit.service.impl.ProductServiceImplTest" time="0.002">
    <error type="java.lang.NullPointerException">java.lang.NullPointerException
	at main.java.by.bntu.poisit.service.impl.ProductServiceImplTest.testCallListAllProductsThenResultIsNull(ProductServiceImplTest.java:55)
</error>
  </testcase>
  <testcase name="testCallCountProductsByCategoryThenCountIsCorrect" classname="main.java.by.bntu.poisit.service.impl.ProductServiceImplTest" time="0.001">
    <error type="java.lang.NullPointerException">java.lang.NullPointerException
	at main.java.by.bntu.poisit.service.impl.ProductServiceImplTest.testCallCountProductsByCategoryThenCountIsCorrect(ProductServiceImplTest.java:132)
</error>
  </testcase>
  <testcase name="testCallListAllProductsThenResultIsNotNull" classname="main.java.by.bntu.poisit.service.impl.ProductServiceImplTest" time="0.004">
    <error message="&#10;Invalid use of argument matchers!&#10;0 matchers expected, 2 recorded:&#10;-&gt; at main.java.by.bntu.poisit.service.impl.ProductServiceImplTest.testCallListAllProductsThenResultIsNotNull(ProductServiceImplTest.java:43)&#10;-&gt; at main.java.by.bntu.poisit.service.impl.ProductServiceImplTest.testCallListAllProductsThenResultIsNotNull(ProductServiceImplTest.java:44)&#10;&#10;This exception may occur if matchers are combined with raw values:&#10;    //incorrect:&#10;    someMethod(anyObject(), &quot;raw String&quot;);&#10;When using matchers, all arguments have to be provided by matchers.&#10;For example:&#10;    //correct:&#10;    someMethod(anyObject(), eq(&quot;String by matcher&quot;));&#10;&#10;For more info see javadoc for Matchers class.&#10;" type="org.mockito.exceptions.misusing.InvalidUseOfMatchersException">org.mockito.exceptions.misusing.InvalidUseOfMatchersException: 

Invalid use of argument matchers!
0 matchers expected, 2 recorded:
-> at main.java.by.bntu.poisit.service.impl.ProductServiceImplTest.testCallListAllProductsThenResultIsNotNull(ProductServiceImplTest.java:43)
-> at main.java.by.bntu.poisit.service.impl.ProductServiceImplTest.testCallListAllProductsThenResultIsNotNull(ProductServiceImplTest.java:44)

This exception may occur if matchers are combined with raw values:
    //incorrect:
    someMethod(anyObject(), "raw String");
When using matchers, all arguments have to be provided by matchers.
For example:
    //correct:
    someMethod(anyObject(), eq("String by matcher"));

For more info see javadoc for Matchers class.

	at main.java.by.bntu.poisit.service.impl.ProductServiceImplTest.testCallListAllProductsThenResultIsNotNull(ProductServiceImplTest.java:45)
</error>
  </testcase>
  <testcase name="testCallCountAllProductsThenCountIsCorrect" classname="main.java.by.bntu.poisit.service.impl.ProductServiceImplTest" time="0.001">
    <error type="java.lang.NullPointerException">java.lang.NullPointerException
	at main.java.by.bntu.poisit.service.impl.ProductServiceImplTest.testCallCountAllProductsThenCountIsCorrect(ProductServiceImplTest.java:124)
</error>
  </testcase>
  <testcase name="testCallSelectIdFromExistNameOfCategoryThenFindIdCategory" classname="main.java.by.bntu.poisit.service.impl.ProductServiceImplTest" time="0.001">
    <error type="java.lang.NullPointerException">java.lang.NullPointerException
	at main.java.by.bntu.poisit.service.impl.ProductServiceImplTest.testCallSelectIdFromExistNameOfCategoryThenFindIdCategory(ProductServiceImplTest.java:63)
</error>
  </testcase>
  <testcase name="testCallListProductsByCategoryThenListCategoriesIsPresentInSystem" classname="main.java.by.bntu.poisit.service.impl.ProductServiceImplTest" time="0.001">
    <error message="&#10;Invalid use of argument matchers!&#10;0 matchers expected, 2 recorded:&#10;-&gt; at main.java.by.bntu.poisit.service.impl.ProductServiceImplTest.testCallListProductsByCategoryThenListCategoriesIsPresentInSystem(ProductServiceImplTest.java:97)&#10;-&gt; at main.java.by.bntu.poisit.service.impl.ProductServiceImplTest.testCallListProductsByCategoryThenListCategoriesIsPresentInSystem(ProductServiceImplTest.java:98)&#10;&#10;This exception may occur if matchers are combined with raw values:&#10;    //incorrect:&#10;    someMethod(anyObject(), &quot;raw String&quot;);&#10;When using matchers, all arguments have to be provided by matchers.&#10;For example:&#10;    //correct:&#10;    someMethod(anyObject(), eq(&quot;String by matcher&quot;));&#10;&#10;For more info see javadoc for Matchers class.&#10;" type="org.mockito.exceptions.misusing.InvalidUseOfMatchersException">org.mockito.exceptions.misusing.InvalidUseOfMatchersException: 

Invalid use of argument matchers!
0 matchers expected, 2 recorded:
-> at main.java.by.bntu.poisit.service.impl.ProductServiceImplTest.testCallListProductsByCategoryThenListCategoriesIsPresentInSystem(ProductServiceImplTest.java:97)
-> at main.java.by.bntu.poisit.service.impl.ProductServiceImplTest.testCallListProductsByCategoryThenListCategoriesIsPresentInSystem(ProductServiceImplTest.java:98)

This exception may occur if matchers are combined with raw values:
    //incorrect:
    someMethod(anyObject(), "raw String");
When using matchers, all arguments have to be provided by matchers.
For example:
    //correct:
    someMethod(anyObject(), eq("String by matcher"));

For more info see javadoc for Matchers class.

	at main.java.by.bntu.poisit.service.impl.ProductServiceImplTest.testCallListProductsByCategoryThenListCategoriesIsPresentInSystem(ProductServiceImplTest.java:100)
</error>
  </testcase>
</testsuite>