<?xml version="1.0" encoding="UTF-8"?>
<testsuite xmlns:xsi="http://www.w3.org/2001/XMLSchema-instance" xsi:schemaLocation="https://maven.apache.org/surefire/maven-surefire-plugin/xsd/surefire-test-report.xsd" name="main.java.by.bntu.poisit.util.InputProductUtilsTest" time="0.052" tests="27" errors="0" skipped="0" failures="0">
  <properties>
[...]
</properties>
  <testcase name="testAddCodeSystemInfoWithIncorrectProductNameThenResultListEqualsExpListWithSystemInfoCodes" classname="main.java.by.bntu.poisit.util.InputProductUtilsTest" time="0.01"/>
  <testcase name="testIsValidDescriptionWithCorrectAmountOfSymbolsThenResultIsFalse" classname="main.java.by.bntu.poisit.util.InputProductUtilsTest" time="0"/>
  <testcase name="testIsValidProductNameWithCorrectParameterLatinSymbolsThenResultIsTrue" classname="main.java.by.bntu.poisit.util.InputProductUtilsTest" time="0"/>
  <testcase name="testIsValidProductIDWithCorrectNumbersThenResultIsTrue" classname="main.java.by.bntu.poisit.util.InputProductUtilsTest" time="0.002"/>
  <testcase name="testGenerateErrorMessageWithAllIncorrectParametersThenResultEqualsExpResultStr" classname="main.java.by.bntu.poisit.util.InputProductUtilsTest" time="0"/>
  <testcase name="testIsValidPriceWithIncorrectParameterThenResultIsTrue" classname="main.java.by.bntu.poisit.util.InputProductUtilsTest" time="0"/>
  <testcase name="testIsValidProductNameWithIncorrectParameterThenResultIsFalse" classname="main.java.by.bntu.poisit.util.InputProductUtilsTest" time="0"/>
  <testcase name="testIsValidPriceWithIncorrectAmountOfNumbersThenResultIsFalse" classname="main.java.by.bntu.poisit.util.InputProductUtilsTest" time="0"/>
  <testcase name="testIsValidProductNameWithCorrectAmountOfSymbolsThenResultIsTrue" classname="main.java.by.bntu.poisit.util.InputProductUtilsTest" time="0"/>
  <testcase name="testIsValidPriceWithCorrectParameterThenResultIsTrue" classname="main.java.by.bntu.poisit.util.InputProductUtilsTest" time="0"/>
  <testcase name="testIsValidProductNameWithCorrectParameterOfNumbersThenResultIsTrue" classname="main.java.by.bntu.poisit.util.InputProductUtilsTest" time="0.001"/>
  <testcase name="testIsValidProductIDWithCorrectAmountOfSymbolsThenResultIsFalse" classname="main.java.by.bntu.poisit.util.InputProductUtilsTest" time="0"/>
  <testcase name="testIsValidProductIDWithIncorrectAmountOfSymbolsThenResultIsFalse" classname="main.java.by.bntu.poisit.util.InputProductUtilsTest" time="0"/>
  <testcase name="testAddCodeSystemInfoWithIncorrectPriceThenResultListEqualsExpListWithSystemInfoCodes" classname="main.java.by.bntu.poisit.util.InputProductUtilsTest" time="0.014"/>
  <testcase name="testIsValidProductNameWithIncorrectAmountOfSymbolsThenResultIsTrue" classname="main.java.by.bntu.poisit.util.InputProductUtilsTest" time="0"/>
  <testcase name="testAddCodeSystemInfoWithAllCorrectParametersThenResultListEqualsExpListWithSystemInfoCodes" classname="main.java.by.bntu.poisit.util.InputProductUtilsTest" time="0"/>
  <testcase name="testAddCodeSystemInfoWithIncorrectDescriptionThenResultListEqualsExpListWithSystemInfoCodes" classname="main.java.by.bntu.poisit.util.InputProductUtilsTest" time="0"/>
  <testcase name="testGenerateErrorMessageWithAllCorrectParametersThenResultEqualsExpResultStr" classname="main.java.by.bntu.poisit.util.InputProductUtilsTest" time="0"/>
  <testcase name="testIsValidPriceWithIncorrectParameterThenResultIsFalse" classname="main.java.by.bntu.poisit.util.InputProductUtilsTest" time="0"/>
  <testcase name="testIsValidProductIDWithIncorrectNumbersThenResultIsFalse" classname="main.java.by.bntu.poisit.util.InputProductUtilsTest" time="0"/>
  <testcase name="testGenerateErrorMessageWithIncorrectParameterProductIDThenResultEqualsExpResultStr" classname="main.java.by.bntu.poisit.util.InputProductUtilsTest" time="0"/>
  <testcase name="testAddCodeSystemInfoWithAllIncorrectParametersThenResultListEqualsExpListWithSystemInfoCodes" classname="main.java.by.bntu.poisit.util.InputProductUtilsTest" time="0"/>
  <testcase name="testIsValidProductIDWithIncorrectNumberNullThenResultIsFalse" classname="main.java.by.bntu.poisit.util.InputProductUtilsTest" time="0"/>
  <testcase name="testIsValidPriceWithCorrectAmountOfNumberThenResultIsTrue" classname="main.java.by.bntu.poisit.util.InputProductUtilsTest" time="0"/>
  <testcase name="testIsValidProductNameWithCorrectParameterOfPuncMarksThenResultIsTrue" classname="main.java.by.bntu.poisit.util.InputProductUtilsTest" time="0"/>
  <testcase name="testIsValidDescriptionWithIncorrectAmountOfSymbolsThenResultIsFalse" classname="main.java.by.bntu.poisit.util.InputProductUtilsTest" time="0"/>
  <testcase name="testAddCodeSystemInfoWithIncorrectProductIDThenResultListEqualsExpListWithSystemInfoCodes" classname="main.java.by.bntu.poisit.util.InputProductUtilsTest" time="0"/>
</testsuite>